::1 - - [29/Aug/2024:08:43:59 +0000] "GET /status HTTP/1.1" 404 145 "-" "curl/8.5.0"
::1 - - [29/Aug/2024:08:43:59 +0000] "GET /status HTTP/1.1" 404 145 "-" "curl/8.5.0"
::1 - - [29/Aug/2024:08:44:11 +0000] "GET /api/status HTTP/1.1" 200 11 "-" "curl/8.5.0"
::1 - - [29/Aug/2024:08:44:11 +0000] "GET /api/status HTTP/1.1" 200 11 "-" "curl/8.5.0"
::1 - - [29/Aug/2024:08:46:45 +0000] "GET /api/status HTTP/1.1" 200 11 "-" "curl/8.5.0"
::1 - - [29/Aug/2024:08:47:13 +0000] "GET /api/status HTTP/1.1" 200 11 "-" "curl/8.5.0"
::1 - - [29/Aug/2024:08:57:28 +0000] "GET /api/status HTTP/1.1" 200 11 "-" "curl/8.5.0"
::1 - - [29/Aug/2024:08:57:30 +0000] "GET /api/status HTTP/1.1" 200 11 "-" "curl/8.5.0"
::1 - - [29/Aug/2024:08:57:31 +0000] "GET /api/status HTTP/1.1" 429 55 "-" "curl/8.5.0"
::1 - - [29/Aug/2024:09:15:31 +0000] "GET /api/status HTTP/1.1" 200 11 "-" "curl/8.5.0"
::1 - - [29/Aug/2024:09:15:32 +0000] "GET /api/status HTTP/1.1" 200 11 "-" "curl/8.5.0"
::1 - - [29/Aug/2024:09:15:34 +0000] "GET /api/status HTTP/1.1" 200 11 "-" "curl/8.5.0"
::1 - - [29/Aug/2024:09:15:34 +0000] "GET /api/status HTTP/1.1" 200 11 "-" "curl/8.5.0"
::1 - - [29/Aug/2024:09:15:35 +0000] "GET /api/status HTTP/1.1" 200 11 "-" "curl/8.5.0"
::1 - - [29/Aug/2024:09:15:36 +0000] "GET /api/status HTTP/1.1" 200 11 "-" "curl/8.5.0"
::1 - - [29/Aug/2024:09:15:37 +0000] "GET /api/status HTTP/1.1" 200 11 "-" "curl/8.5.0"
::1 - - [29/Aug/2024:09:15:38 +0000] "GET /api/status HTTP/1.1" 200 11 "-" "curl/8.5.0"
::1 - - [29/Aug/2024:09:15:39 +0000] "GET /api/status HTTP/1.1" 200 11 "-" "curl/8.5.0"
::1 - - [29/Aug/2024:09:15:53 +0000] "GET /api/status HTTP/1.1" 200 11 "-" "curl/8.5.0"
::1 - - [29/Aug/2024:09:15:55 +0000] "GET /api/status HTTP/1.1" 200 11 "-" "curl/8.5.0"
::1 - - [29/Aug/2024:09:15:56 +0000] "GET /api/status HTTP/1.1" 429 95 "-" "curl/8.5.0"
::1 - - [29/Aug/2024:09:20:57 +0000] "GET /api/status HTTP/1.1" 200 11 "-" "curl/8.5.0"
::1 - - [29/Aug/2024:09:20:58 +0000] "GET /api/status HTTP/1.1" 200 11 "-" "curl/8.5.0"
::1 - - [29/Aug/2024:09:20:59 +0000] "GET /api/status HTTP/1.1" 429 95 "-" "curl/8.5.0"
::1 - - [29/Aug/2024:09:24:51 +0000] "GET /api/stats HTTP/1.1" 200 23 "-" "curl/8.5.0"
::1 - - [29/Aug/2024:09:27:50 +0000] "GET /api/stats HTTP/1.1" 200 23 "-" "curl/8.5.0"
::1 - - [29/Aug/2024:09:27:53 +0000] "GET /api/stats HTTP/1.1" 200 23 "-" "curl/8.5.0"
::1 - - [29/Aug/2024:09:39:40 +0000] "GET /api/user/66c89727622d2cee27809c55 HTTP/1.1" 404 172 "-" "curl/8.5.0"
::1 - - [29/Aug/2024:09:40:32 +0000] "GET /api/user/66c89727622d2cee27809c55/journal-entries HTTP/1.1" 200 54 "-" "curl/8.5.0"
::1 - - [29/Aug/2024:09:49:03 +0000] "GET /api/user/66c1dd4342ee9b679f58aea5/journal-entries HTTP/1.1" 200 54 "-" "curl/8.5.0"
::1 - - [29/Aug/2024:09:50:37 +0000] "GET /api/user/66c1dd4342ee9b679f58aea5/journal-entries HTTP/1.1" 500 58 "-" "curl/8.5.0"
::1 - - [29/Aug/2024:09:51:17 +0000] "GET /api/user/66c1dd4342ee9b679f58aea5/journal-entries HTTP/1.1" 500 58 "-" "curl/8.5.0"
::1 - - [29/Aug/2024:09:51:30 +0000] "GET /api/user/66c1dd4342ee9b679f58aea5/journal-entries HTTP/1.1" 500 58 "-" "curl/8.5.0"
::1 - - [29/Aug/2024:09:52:04 +0000] "GET /api/user/66c1dd4342ee9b679f58aea5/journal-entries HTTP/1.1" 500 58 "-" "curl/8.5.0"
::1 - - [29/Aug/2024:09:52:26 +0000] "GET /api/user/66c1dd4342ee9b679f58aea5/journal-entries HTTP/1.1" 200 54 "-" "curl/8.5.0"
::1 - - [29/Aug/2024:09:53:56 +0000] "GET /api/user/66c1dd4342ee9b679f58aea5/journal-entries HTTP/1.1" 200 37 "-" "curl/8.5.0"
::1 - - [29/Aug/2024:09:54:45 +0000] "GET /api/user/66c1dd4342ee9b679f58aea5/journal-entries HTTP/1.1" 200 54 "-" "curl/8.5.0"
::1 - - [29/Aug/2024:09:56:14 +0000] "GET /api/user/66c1dd4342ee9b679f58aea5/journal-entries HTTP/1.1" 500 58 "-" "curl/8.5.0"
::1 - - [29/Aug/2024:09:56:53 +0000] "GET /api/user/66c1dd4342ee9b679f58aea5/journal-entries HTTP/1.1" 500 58 "-" "curl/8.5.0"
::1 - - [29/Aug/2024:09:57:22 +0000] "GET /api/user/66c1dd4342ee9b679f58aea5/journal-entries HTTP/1.1" 200 54 "-" "curl/8.5.0"
::1 - - [29/Aug/2024:09:57:49 +0000] "GET /api/user/66c1dd4342ee9b679f58aea5/journal-entries HTTP/1.1" 500 58 "-" "curl/8.5.0"
::1 - - [29/Aug/2024:09:58:44 +0000] "GET /api/user/66c1dd4342ee9b679f58aea5/journal-entries HTTP/1.1" 200 54 "-" "curl/8.5.0"
::1 - - [29/Aug/2024:09:59:03 +0000] "GET /api/user/66c1dd4342ee9b679f58aea5/journal-entries HTTP/1.1" 200 54 "-" "curl/8.5.0"
::1 - - [29/Aug/2024:10:21:36 +0000] "POST /api/user/register HTTP/1.1" 500 1528 "-" "curl/8.5.0"
::1 - - [29/Aug/2024:10:22:54 +0000] "POST /api/user/register HTTP/1.1" 500 1528 "-" "curl/8.5.0"
::1 - - [29/Aug/2024:10:23:19 +0000] "POST /api/user/register HTTP/1.1" 500 1528 "-" "curl/8.5.0"
::1 - - [29/Aug/2024:10:24:13 +0000] "POST /api/user/register HTTP/1.1" 201 37 "-" "curl/8.5.0"
::1 - - [29/Aug/2024:10:41:12 +0000] "POST /api/user/register HTTP/1.1" 500 1528 "-" "curl/8.5.0"
::1 - - [29/Aug/2024:10:41:53 +0000] "POST /api/user/register HTTP/1.1" 500 1493 "-" "curl/8.5.0"
::1 - - [29/Aug/2024:10:42:16 +0000] "POST /api/user/register HTTP/1.1" 500 1494 "-" "curl/8.5.0"
::1 - - [29/Aug/2024:10:44:06 +0000] "POST /api/user/register HTTP/1.1" 500 1808 "-" "curl/8.5.0"
::1 - - [29/Aug/2024:10:52:07 +0000] "POST /api/user/register HTTP/1.1" 500 1808 "-" "curl/8.5.0"
::1 - - [29/Aug/2024:10:53:31 +0000] "POST /api/user/register HTTP/1.1" 500 1528 "-" "curl/8.5.0"
::1 - - [29/Aug/2024:10:54:20 +0000] "POST /api/user/register HTTP/1.1" 500 1528 "-" "curl/8.5.0"
::1 - - [29/Aug/2024:11:06:57 +0000] "POST /api/user/register HTTP/1.1" 500 1528 "-" "curl/8.5.0"
::1 - - [29/Aug/2024:11:08:05 +0000] "POST /api/user/register HTTP/1.1" 201 37 "-" "curl/8.5.0"
::1 - - [29/Aug/2024:11:08:39 +0000] "POST /api/user/register HTTP/1.1" 400 41 "-" "curl/8.5.0"
